nodes num 2708
1296
2073
2708
don
Cora
N=2,K=1
Epoch: 0001 loss_train: 0.7846 acc_train: 0.5000
Meta-valid_Accuracy: 0.5100000075995922
Meta-valid_Accuracy: 0.4950000047683716
Meta-valid_Accuracy: 0.5100000038743019
Meta-valid_Accuracy: 0.4850000075995922
Meta-valid_Accuracy: 0.4950000062584877
Meta-valid_Accuracy: 0.4850000083446503
Meta-valid_Accuracy: 0.5150000065565109
Meta-valid_Accuracy: 0.575000011920929
Meta-valid_Accuracy: 0.520000009983778
Meta-valid_Accuracy: 0.5300000093877315
Meta-valid_Accuracy: 0.5900000125169754
Meta-valid_Accuracy: 0.6200000151991845
Meta-valid_Accuracy: 0.4900000039488077
Meta-valid_Accuracy: 0.5350000046193599
Meta-valid_Accuracy: 0.6050000086426734
Meta-valid_Accuracy: 0.5250000048428773
Meta-valid_Accuracy: 0.5500000052154064
Meta-valid_Accuracy: 0.6250000081956386
Meta-valid_Accuracy: 0.590000007301569
Meta-valid_Accuracy: 0.5400000117719174
Meta-valid_Accuracy: 0.5250000111758709
Meta-valid_Accuracy: 0.5550000019371509
Meta-valid_Accuracy: 0.640000008046627
Meta-valid_Accuracy: 0.5800000041723251
Meta-valid_Accuracy: 0.46000000424683096
Meta-valid_Accuracy: 0.5900000050663948
Meta-valid_Accuracy: 0.5850000098347664
Meta-valid_Accuracy: 0.5100000016391277
Meta-valid_Accuracy: 0.49000000581145287
Meta-valid_Accuracy: 0.530000003427267
Meta-valid_Accuracy: 0.5250000037252903
Meta-valid_Accuracy: 0.6000000048428774
Meta-valid_Accuracy: 0.48000001050531865
don
Cora
N=2,K=1
Epoch: 0001 loss_train: 0.6292 acc_train: 0.6000
Meta-valid_Accuracy: 0.5400000065565109
Meta-valid_Accuracy: 0.5400000058114529
Meta-valid_Accuracy: 0.5350000098347664
Meta-valid_Accuracy: 0.5150000087916851
Meta-valid_Accuracy: 0.5700000077486038
Meta-valid_Accuracy: 0.5300000078976155
Meta-valid_Accuracy: 0.5550000071525574
Meta-valid_Accuracy: 0.5500000052154064
Meta-valid_Accuracy: 0.56500000692904
Meta-valid_Accuracy: 0.5700000051409007
Meta-valid_Accuracy: 0.5550000071525574
Meta-valid_Accuracy: 0.5450000092387199
Meta-valid_Accuracy: 0.5550000123679638
Meta-valid_Accuracy: 0.5050000064074993
Meta-valid_Accuracy: 0.5450000055134296
don
Cora
N=2,K=1
Epoch: 0001 loss_train: 0.7286 acc_train: 0.5000
Meta-valid_Accuracy: 0.5050000071525573
Meta-valid_Accuracy: 0.590000008046627
Meta-valid_Accuracy: 0.5000000081956386
Meta-valid_Accuracy: 0.5150000061839819
Meta-valid_Accuracy: 0.5550000131130218
Meta-valid_Accuracy: 0.5250000111758709
Meta-valid_Accuracy: 0.5800000116229057
Meta-valid_Accuracy: 0.6000000074505806
Meta-valid_Accuracy: 0.5050000078976155
Meta-valid_Accuracy: 0.5400000095367432
Meta-valid_Accuracy: 0.5650000087916851
Meta-valid_Accuracy: 0.490000008046627
Meta-valid_Accuracy: 0.5200000051409006
Meta-valid_Accuracy: 0.5650000095367431
Meta-valid_Accuracy: 0.4700000073760748
Meta-valid_Accuracy: 0.580000001564622
Meta-valid_Accuracy: 0.5200000077486038
Meta-valid_Accuracy: 0.5350000075995922
don
Cora
N=2,K=1
Epoch: 0001 loss_train: 0.8007 acc_train: 0.5000
Meta-valid_Accuracy: 0.5200000107288361
Meta-valid_Accuracy: 0.5400000046938658
Meta-valid_Accuracy: 0.5550000071525574
Meta-valid_Accuracy: 0.4850000061094761
Meta-valid_Accuracy: 0.5850000023841858
Meta-valid_Accuracy: 0.5400000035762786
Meta-valid_Accuracy: 0.510000006109476
Meta-valid_Accuracy: 0.515000008046627
Meta-valid_Accuracy: 0.5500000044703484
Meta-valid_Accuracy: 0.6050000116229057
Meta-valid_Accuracy: 0.5900000110268593
Meta-valid_Accuracy: 0.5700000047683715
Meta-valid_Accuracy: 0.5650000110268593
Meta-valid_Accuracy: 0.5150000087916851
Meta-valid_Accuracy: 0.6950000077486038
Meta-valid_Accuracy: 0.5500000048428774
Meta-valid_Accuracy: 0.5050000086426735
Meta-valid_Accuracy: 0.5500000089406967
Meta-valid_Accuracy: 0.5400000095367432
Meta-valid_Accuracy: 0.49499999918043613
Meta-valid_Accuracy: 0.5950000051409006
Meta-valid_Accuracy: 0.5650000013411045
Meta-valid_Accuracy: 0.5950000047683716
Meta-valid_Accuracy: 0.5200000029057265
Meta-valid_Accuracy: 0.5400000087916851
don
Cora
N=2,K=1
Epoch: 0001 loss_train: 0.6303 acc_train: 0.6000
Meta-valid_Accuracy: 0.5800000116229057
Meta-valid_Accuracy: 0.5650000102818012
Meta-valid_Accuracy: 0.5950000077486038
Meta-valid_Accuracy: 0.5550000071525574
Meta-valid_Accuracy: 0.610000005364418
Meta-valid_Accuracy: 0.5400000125169754
Meta-valid_Accuracy: 0.6050000071525574
Meta-valid_Accuracy: 0.6100000068545341
Meta-valid_Accuracy: 0.5800000108778477
Meta-valid_Accuracy: 0.6450000066310168
Meta-valid_Accuracy: 0.5850000120699406
Meta-valid_Accuracy: 0.6150000110268593
Meta-valid_Accuracy: 0.5300000078976155
Meta-valid_Accuracy: 0.5800000049173832
Meta-valid_Accuracy: 0.5750000067055225
Meta-valid_Accuracy: 0.5150000091642142
Meta-valid_Accuracy: 0.5600000042468309
Meta-valid_Accuracy: 0.5200000077486038
Meta-valid_Accuracy: 0.4800000086426735
Meta-valid_Accuracy: 0.5850000131875277
don
Cora
N=2,K=3
Epoch: 0001 loss_train: 0.4614 acc_train: 0.8000
Meta-valid_Accuracy: 0.5100000083446503
Meta-valid_Accuracy: 0.6000000044703484
Meta-valid_Accuracy: 0.5650000110268593
Meta-valid_Accuracy: 0.6800000086426735
Meta-valid_Accuracy: 0.6250000081956386
Meta-valid_Accuracy: 0.6250000089406967
Meta-valid_Accuracy: 0.6200000070035457
Meta-valid_Accuracy: 0.5350000072270632
Meta-valid_Accuracy: 0.5350000075995922
Meta-valid_Accuracy: 0.590000008046627
Meta-valid_Accuracy: 0.5100000083446503
Meta-valid_Accuracy: 0.5850000098347664
Meta-valid_Accuracy: 0.5850000113248826
Meta-valid_Accuracy: 0.5250000089406968
don
Cora
N=2,K=3
Epoch: 0001 loss_train: 0.4517 acc_train: 0.9000
Meta-valid_Accuracy: 0.5500000070780515
Meta-valid_Accuracy: 0.6250000067055226
Meta-valid_Accuracy: 0.5450000107288361
Meta-valid_Accuracy: 0.5150000061839819
Meta-valid_Accuracy: 0.5850000098347664
Meta-valid_Accuracy: 0.5700000084936618
Meta-valid_Accuracy: 0.5050000011920929
Meta-valid_Accuracy: 0.6450000047683716
Meta-valid_Accuracy: 0.6150000125169754
Meta-valid_Accuracy: 0.600000012665987
Meta-valid_Accuracy: 0.6800000041723251
Meta-valid_Accuracy: 0.5700000055134297
Meta-valid_Accuracy: 0.6000000059604644
Meta-valid_Accuracy: 0.5600000038743019
Meta-valid_Accuracy: 0.550000012665987
Meta-valid_Accuracy: 0.5950000017881394
Meta-valid_Accuracy: 0.5350000068545342
Meta-valid_Accuracy: 0.5450000055134296
Meta-valid_Accuracy: 0.590000007301569
Meta-valid_Accuracy: 0.5750000089406967
Meta-valid_Accuracy: 0.5550000064074994
don
Cora
N=2,K=3
Epoch: 0001 loss_train: 0.4724 acc_train: 0.9000
Meta-valid_Accuracy: 0.5800000101327896
Meta-valid_Accuracy: 0.5350000113248825
Meta-valid_Accuracy: 0.5550000071525574
Meta-valid_Accuracy: 0.6450000062584877
Meta-valid_Accuracy: 0.5850000031292438
Meta-valid_Accuracy: 0.5450000114738941
Meta-valid_Accuracy: 0.5950000036507845
Meta-valid_Accuracy: 0.6650000110268592
Meta-valid_Accuracy: 0.635000005364418
Meta-valid_Accuracy: 0.6800000116229057
Meta-valid_Accuracy: 0.6300000093877316
Meta-valid_Accuracy: 0.5750000081956387
Meta-valid_Accuracy: 0.6000000059604644
Meta-valid_Accuracy: 0.6250000059604645
Meta-valid_Accuracy: 0.5500000074505806
Meta-valid_Accuracy: 0.575000011920929
Meta-valid_Accuracy: 0.6200000032782554
Meta-valid_Accuracy: 0.5700000077486038
Meta-valid_Accuracy: 0.6400000035762787
Meta-valid_Accuracy: 0.6100000068545341
don
Cora
N=2,K=3
Epoch: 0001 loss_train: 0.5053 acc_train: 0.7000
Meta-valid_Accuracy: 0.5750000089406967
Meta-valid_Accuracy: 0.5400000050663948
Meta-valid_Accuracy: 0.6450000077486038
Meta-valid_Accuracy: 0.6150000087916851
Meta-valid_Accuracy: 0.5650000095367431
Meta-valid_Accuracy: 0.635000005364418
Meta-valid_Accuracy: 0.6500000059604645
Meta-valid_Accuracy: 0.6300000041723252
Meta-valid_Accuracy: 0.5600000068545341
Meta-valid_Accuracy: 0.6600000098347664
Meta-valid_Accuracy: 0.6150000020861626
Meta-valid_Accuracy: 0.6350000113248825
Meta-valid_Accuracy: 0.6200000084936619
Meta-valid_Accuracy: 0.59500000923872
Meta-valid_Accuracy: 0.6350000038743019
Meta-valid_Accuracy: 0.6350000143051148
Meta-valid_Accuracy: 0.6250000059604645
Meta-valid_Accuracy: 0.6250000104308129
Meta-valid_Accuracy: 0.6250000089406967
Meta-valid_Accuracy: 0.6550000086426735
don
Cora
N=2,K=3
Epoch: 0001 loss_train: 0.4120 acc_train: 0.9000
Meta-valid_Accuracy: 0.5600000008940696
Meta-valid_Accuracy: 0.5500000089406967
Meta-valid_Accuracy: 0.6550000071525574
Meta-valid_Accuracy: 0.56000000461936
Meta-valid_Accuracy: 0.640000007301569
Meta-valid_Accuracy: 0.6850000143051147
Meta-valid_Accuracy: 0.6400000110268593
Meta-valid_Accuracy: 0.5950000032782554
Meta-valid_Accuracy: 0.6700000081211328
Meta-valid_Accuracy: 0.6000000059604644
Meta-valid_Accuracy: 0.615000008046627
Meta-valid_Accuracy: 0.6000000044703484
Meta-valid_Accuracy: 0.5900000125169754
Meta-valid_Accuracy: 0.7400000110268593
Meta-valid_Accuracy: 0.605000015348196
Meta-valid_Accuracy: 0.5600000083446502
Meta-valid_Accuracy: 0.6050000071525574
Meta-valid_Accuracy: 0.5600000068545341
Meta-valid_Accuracy: 0.6450000062584877
Meta-valid_Accuracy: 0.6250000074505806
Meta-valid_Accuracy: 0.595000010728836
Meta-valid_Accuracy: 0.5750000059604645
Meta-valid_Accuracy: 0.6450000107288361
Meta-valid_Accuracy: 0.615000008046627
don
Cora
N=2,K=5
Epoch: 0001 loss_train: 0.4950 acc_train: 0.8000
Meta-valid_Accuracy: 0.585000005364418
Meta-valid_Accuracy: 0.5900000050663948
Meta-valid_Accuracy: 0.6450000077486038
Meta-valid_Accuracy: 0.6350000068545342
Meta-valid_Accuracy: 0.6350000068545342
Meta-valid_Accuracy: 0.59500000923872
Meta-valid_Accuracy: 0.5850000098347664
Meta-valid_Accuracy: 0.5750000085681677
Meta-valid_Accuracy: 0.6300000086426735
Meta-valid_Accuracy: 0.6100000008940697
Meta-valid_Accuracy: 0.590000006556511
Meta-valid_Accuracy: 0.6650000095367432
Meta-valid_Accuracy: 0.6850000098347664
Meta-valid_Accuracy: 0.6200000047683716
Meta-valid_Accuracy: 0.6350000087171793
Meta-valid_Accuracy: 0.705000014603138
Meta-valid_Accuracy: 0.5650000005960465
Meta-valid_Accuracy: 0.6150000110268593
Meta-valid_Accuracy: 0.5900000061839819
Meta-valid_Accuracy: 0.5950000077486038
Meta-valid_Accuracy: 0.6400000110268593
Meta-valid_Accuracy: 0.6200000047683716
Meta-valid_Accuracy: 0.6700000077486038
Meta-valid_Accuracy: 0.6150000095367432
Meta-valid_Accuracy: 0.6150000065565109
Meta-valid_Accuracy: 0.5800000131130219
don
Cora
N=2,K=5
Epoch: 0001 loss_train: 0.6613 acc_train: 0.7000
Meta-valid_Accuracy: 0.6550000041723252
Meta-valid_Accuracy: 0.620000010728836
Meta-valid_Accuracy: 0.620000010728836
Meta-valid_Accuracy: 0.6000000089406967
Meta-valid_Accuracy: 0.610000005364418
Meta-valid_Accuracy: 0.6300000056624413
Meta-valid_Accuracy: 0.6800000071525574
Meta-valid_Accuracy: 0.6800000056624412
Meta-valid_Accuracy: 0.6450000129640102
Meta-valid_Accuracy: 0.7100000098347664
Meta-valid_Accuracy: 0.6600000098347664
Meta-valid_Accuracy: 0.6200000077486039
Meta-valid_Accuracy: 0.6800000071525574
Meta-valid_Accuracy: 0.6550000101327896
Meta-valid_Accuracy: 0.6700000151991844
Meta-valid_Accuracy: 0.6600000113248825
Meta-valid_Accuracy: 0.6800000026822091
Meta-valid_Accuracy: 0.7000000059604645
Meta-valid_Accuracy: 0.6900000110268593
Meta-valid_Accuracy: 0.7099999994039535
don
Cora
N=2,K=5
Epoch: 0001 loss_train: 0.4199 acc_train: 0.9000
Meta-valid_Accuracy: 0.5100000038743019
Meta-valid_Accuracy: 0.6250000029802323
Meta-valid_Accuracy: 0.6350000105798245
Meta-valid_Accuracy: 0.6350000038743019
Meta-valid_Accuracy: 0.6650000125169754
Meta-valid_Accuracy: 0.6550000101327896
Meta-valid_Accuracy: 0.6800000041723251
Meta-valid_Accuracy: 0.5900000110268593
Meta-valid_Accuracy: 0.6600000113248825
Meta-valid_Accuracy: 0.6050000101327896
Meta-valid_Accuracy: 0.6950000077486038
Meta-valid_Accuracy: 0.6700000107288361
Meta-valid_Accuracy: 0.5750000029802322
Meta-valid_Accuracy: 0.6050000116229057
Meta-valid_Accuracy: 0.6000000081956387
Meta-valid_Accuracy: 0.6150000054389239
Meta-valid_Accuracy: 0.57000000923872
Meta-valid_Accuracy: 0.6400000050663948
Meta-valid_Accuracy: 0.6200000006705523
Meta-valid_Accuracy: 0.600000013411045
Meta-valid_Accuracy: 0.5900000050663948
don
Cora
N=2,K=5
Epoch: 0001 loss_train: 0.6001 acc_train: 0.6000
Meta-valid_Accuracy: 0.6350000068545342
Meta-valid_Accuracy: 0.5900000125169754
Meta-valid_Accuracy: 0.6400000035762787
Meta-valid_Accuracy: 0.6000000141561032
Meta-valid_Accuracy: 0.6000000063329936
Meta-valid_Accuracy: 0.6150000065565109
Meta-valid_Accuracy: 0.6500000089406968
Meta-valid_Accuracy: 0.615000007301569
Meta-valid_Accuracy: 0.5750000022351742
Meta-valid_Accuracy: 0.6000000037252903
Meta-valid_Accuracy: 0.6200000151991845
Meta-valid_Accuracy: 0.620000010728836
Meta-valid_Accuracy: 0.6250000059604645
Meta-valid_Accuracy: 0.5950000073760748
Meta-valid_Accuracy: 0.6550000056624412
Meta-valid_Accuracy: 0.6350000083446503
Meta-valid_Accuracy: 0.6300000116229058
Meta-valid_Accuracy: 0.6050000071525574
Meta-valid_Accuracy: 0.6000000096857547
Meta-valid_Accuracy: 0.6450000062584877
Meta-valid_Accuracy: 0.5900000013411045
Meta-valid_Accuracy: 0.6100000068545341
Meta-valid_Accuracy: 0.605000003054738
Meta-valid_Accuracy: 0.6300000078976155
Meta-valid_Accuracy: 0.6550000116229058
Meta-valid_Accuracy: 0.6000000044703484
Meta-valid_Accuracy: 0.6700000062584877
Meta-valid_Accuracy: 0.6400000065565109
Meta-valid_Accuracy: 0.6950000084936618
Meta-valid_Accuracy: 0.6500000044703483
Meta-valid_Accuracy: 0.6500000055879355
Meta-valid_Accuracy: 0.6100000068545341
Meta-valid_Accuracy: 0.5950000122189522
Meta-valid_Accuracy: 0.6350000023841857
Meta-valid_Accuracy: 0.6000000059604644
Meta-valid_Accuracy: 0.6600000113248825
Meta-valid_Accuracy: 0.5900000117719173
Meta-valid_Accuracy: 0.6400000050663948
Meta-valid_Accuracy: 0.5700000062584877
don
Cora
N=2,K=5
Epoch: 0001 loss_train: 0.5408 acc_train: 0.8000
Meta-valid_Accuracy: 0.5950000077486038
Meta-valid_Accuracy: 0.5850000068545341
Meta-valid_Accuracy: 0.5550000086426735
Meta-valid_Accuracy: 0.6800000071525574
Meta-valid_Accuracy: 0.600000013411045
Meta-valid_Accuracy: 0.6000000074505806
Meta-valid_Accuracy: 0.6800000056624412
Meta-valid_Accuracy: 0.585000005364418
Meta-valid_Accuracy: 0.6050000064074993
Meta-valid_Accuracy: 0.6300000131130219
Meta-valid_Accuracy: 0.6350000098347663
Meta-valid_Accuracy: 0.6700000092387199
Meta-valid_Accuracy: 0.6650000095367432
Meta-valid_Accuracy: 0.6600000083446502
