nodes num 3327
1209
2069
3327
don
CiteSeer
N=2,K=1
Epoch: 0001 loss_train: 0.6765 acc_train: 0.7000
Meta-valid_Accuracy: 0.5250000089406968
Meta-valid_Accuracy: 0.4650000065565109
Meta-valid_Accuracy: 0.4900000113993883
Meta-valid_Accuracy: 0.5450000077486038
Meta-valid_Accuracy: 0.5150000061839819
Meta-valid_Accuracy: 0.47500000819563865
Meta-valid_Accuracy: 0.5300000101327896
Meta-valid_Accuracy: 0.5100000075995922
Meta-valid_Accuracy: 0.5150000095367432
Meta-valid_Accuracy: 0.5200000017881393
Meta-valid_Accuracy: 0.5600000038743019
Meta-valid_Accuracy: 0.5250000074505806
Meta-valid_Accuracy: 0.5550000056624412
Meta-valid_Accuracy: 0.47000000551342963
Meta-valid_Accuracy: 0.5950000062584877
Meta-valid_Accuracy: 0.510000005364418
Meta-valid_Accuracy: 0.5050000052899122
Meta-valid_Accuracy: 0.5450000032782555
Meta-valid_Accuracy: 0.5200000047683716
Meta-valid_Accuracy: 0.5350000105798245
Meta-valid_Accuracy: 0.48000000715255736
Meta-valid_Accuracy: 0.5050000060349703
Meta-valid_Accuracy: 0.5250000059604645
Meta-valid_Accuracy: 0.56000000461936
Meta-valid_Accuracy: 0.5300000064074993
don
CiteSeer
N=2,K=1
Epoch: 0001 loss_train: 0.9101 acc_train: 0.5000
Meta-valid_Accuracy: 0.5050000049173832
Meta-valid_Accuracy: 0.5300000123679638
Meta-valid_Accuracy: 0.5950000122189522
Meta-valid_Accuracy: 0.5950000032782554
Meta-valid_Accuracy: 0.5550000086426735
Meta-valid_Accuracy: 0.5750000074505806
Meta-valid_Accuracy: 0.5200000017881393
Meta-valid_Accuracy: 0.490000008046627
Meta-valid_Accuracy: 0.5200000017881393
Meta-valid_Accuracy: 0.5200000066310168
Meta-valid_Accuracy: 0.5050000056624413
Meta-valid_Accuracy: 0.5400000058114529
Meta-valid_Accuracy: 0.5400000065565109
don
CiteSeer
N=2,K=1
Epoch: 0001 loss_train: 0.7295 acc_train: 0.6000
Meta-valid_Accuracy: 0.5100000098347663
Meta-valid_Accuracy: 0.5000000074505806
Meta-valid_Accuracy: 0.5700000062584877
Meta-valid_Accuracy: 0.5350000068545342
Meta-valid_Accuracy: 0.590000006556511
Meta-valid_Accuracy: 0.47500000298023226
Meta-valid_Accuracy: 0.51000000461936
Meta-valid_Accuracy: 0.5300000116229058
Meta-valid_Accuracy: 0.520000009983778
Meta-valid_Accuracy: 0.5650000080466271
Meta-valid_Accuracy: 0.4650000061839819
Meta-valid_Accuracy: 0.5600000038743019
Meta-valid_Accuracy: 0.4950000047683716
Meta-valid_Accuracy: 0.4600000068545341
Meta-valid_Accuracy: 0.5150000102818012
don
CiteSeer
N=2,K=1
Epoch: 0001 loss_train: 0.5247 acc_train: 0.7000
Meta-valid_Accuracy: 0.4900000110268593
Meta-valid_Accuracy: 0.5100000090897083
Meta-valid_Accuracy: 0.4950000084936619
Meta-valid_Accuracy: 0.4800000049173832
Meta-valid_Accuracy: 0.5050000041723252
Meta-valid_Accuracy: 0.5300000056624412
Meta-valid_Accuracy: 0.5300000086426735
Meta-valid_Accuracy: 0.5400000080466271
Meta-valid_Accuracy: 0.4850000090897083
Meta-valid_Accuracy: 0.49000000208616257
Meta-valid_Accuracy: 0.5450000107288361
Meta-valid_Accuracy: 0.4450000014156103
Meta-valid_Accuracy: 0.5050000015646219
Meta-valid_Accuracy: 0.5300000037997961
Meta-valid_Accuracy: 0.5600000128149987
Meta-valid_Accuracy: 0.5650000095367431
Meta-valid_Accuracy: 0.5400000058114529
Meta-valid_Accuracy: 0.5550000056624412
Meta-valid_Accuracy: 0.530000002682209
Meta-valid_Accuracy: 0.4550000075250864
Meta-valid_Accuracy: 0.5300000071525574
Meta-valid_Accuracy: 0.5000000089406967
Meta-valid_Accuracy: 0.5650000087916851
Meta-valid_Accuracy: 0.5450000062584877
Meta-valid_Accuracy: 0.5050000041723252
Meta-valid_Accuracy: 0.5300000090152025
don
CiteSeer
N=2,K=1
Epoch: 0001 loss_train: 0.8969 acc_train: 0.4000
Meta-valid_Accuracy: 0.4950000062584877
Meta-valid_Accuracy: 0.5200000084936619
Meta-valid_Accuracy: 0.4800000052899122
Meta-valid_Accuracy: 0.46500000469386576
Meta-valid_Accuracy: 0.5100000113248825
Meta-valid_Accuracy: 0.5850000105798244
Meta-valid_Accuracy: 0.5050000004470349
Meta-valid_Accuracy: 0.5150000065565109
Meta-valid_Accuracy: 0.5200000077486038
Meta-valid_Accuracy: 0.4800000064074993
Meta-valid_Accuracy: 0.49500000327825544
Meta-valid_Accuracy: 0.5200000070035458
Meta-valid_Accuracy: 0.4750000085681677
Meta-valid_Accuracy: 0.5100000098347663
Meta-valid_Accuracy: 0.4950000040233135
Meta-valid_Accuracy: 0.520000009983778
don
CiteSeer
N=2,K=3
Epoch: 0001 loss_train: 0.9766 acc_train: 0.6000
Meta-valid_Accuracy: 0.5550000116229057
Meta-valid_Accuracy: 0.5050000075250864
Meta-valid_Accuracy: 0.5150000069290399
Meta-valid_Accuracy: 0.5350000113248825
Meta-valid_Accuracy: 0.6300000101327896
Meta-valid_Accuracy: 0.5300000041723252
Meta-valid_Accuracy: 0.5150000065565109
Meta-valid_Accuracy: 0.4850000090897083
Meta-valid_Accuracy: 0.5750000111758709
Meta-valid_Accuracy: 0.5350000008940696
Meta-valid_Accuracy: 0.5550000041723251
Meta-valid_Accuracy: 0.5150000065565109
Meta-valid_Accuracy: 0.5500000111758709
Meta-valid_Accuracy: 0.5200000070035458
Meta-valid_Accuracy: 0.5850000113248826
don
CiteSeer
N=2,K=3
Epoch: 0001 loss_train: 1.1052 acc_train: 0.5000
Meta-valid_Accuracy: 0.5100000120699406
Meta-valid_Accuracy: 0.5550000071525574
Meta-valid_Accuracy: 0.5250000052154065
Meta-valid_Accuracy: 0.5850000090897083
Meta-valid_Accuracy: 0.5350000090897084
Meta-valid_Accuracy: 0.5550000041723251
Meta-valid_Accuracy: 0.5600000083446502
Meta-valid_Accuracy: 0.5200000070035458
Meta-valid_Accuracy: 0.590000006556511
Meta-valid_Accuracy: 0.5500000059604645
Meta-valid_Accuracy: 0.5150000028312206
Meta-valid_Accuracy: 0.5700000062584877
Meta-valid_Accuracy: 0.6150000035762787
Meta-valid_Accuracy: 0.5050000075250864
Meta-valid_Accuracy: 0.6000000029802323
Meta-valid_Accuracy: 0.5450000032782555
Meta-valid_Accuracy: 0.5200000092387199
Meta-valid_Accuracy: 0.49000001028180123
Meta-valid_Accuracy: 0.5100000075995922
Meta-valid_Accuracy: 0.5150000065565109
Meta-valid_Accuracy: 0.4750000059604645
Meta-valid_Accuracy: 0.5650000117719174
Meta-valid_Accuracy: 0.590000006556511
don
CiteSeer
N=2,K=3
Epoch: 0001 loss_train: 0.8805 acc_train: 0.5000
Meta-valid_Accuracy: 0.5650000102818012
Meta-valid_Accuracy: 0.5100000083446503
Meta-valid_Accuracy: 0.5150000095367432
Meta-valid_Accuracy: 0.5200000062584877
Meta-valid_Accuracy: 0.4750000074505806
Meta-valid_Accuracy: 0.6050000071525574
Meta-valid_Accuracy: 0.510000006109476
Meta-valid_Accuracy: 0.5000000052154064
Meta-valid_Accuracy: 0.465000007674098
Meta-valid_Accuracy: 0.5650000043213368
Meta-valid_Accuracy: 0.4600000098347664
Meta-valid_Accuracy: 0.5550000071525574
Meta-valid_Accuracy: 0.57000000923872
Meta-valid_Accuracy: 0.5950000062584877
Meta-valid_Accuracy: 0.6050000071525574
Meta-valid_Accuracy: 0.5250000059604645
don
CiteSeer
N=2,K=3
Epoch: 0001 loss_train: 0.6791 acc_train: 0.5000
Meta-valid_Accuracy: 0.4950000062584877
Meta-valid_Accuracy: 0.5550000056624412
Meta-valid_Accuracy: 0.5200000070035458
Meta-valid_Accuracy: 0.6250000014901161
Meta-valid_Accuracy: 0.5650000080466271
Meta-valid_Accuracy: 0.5800000086426735
Meta-valid_Accuracy: 0.49000000655651094
Meta-valid_Accuracy: 0.485000005364418
Meta-valid_Accuracy: 0.5350000083446502
Meta-valid_Accuracy: 0.5200000073760748
Meta-valid_Accuracy: 0.5750000096857548
Meta-valid_Accuracy: 0.6000000074505806
Meta-valid_Accuracy: 0.585000003874302
Meta-valid_Accuracy: 0.5750000059604645
don
CiteSeer
N=2,K=3
Epoch: 0001 loss_train: 0.3958 acc_train: 1.0000
Meta-valid_Accuracy: 0.5050000093877316
Meta-valid_Accuracy: 0.5750000044703484
Meta-valid_Accuracy: 0.5400000065565109
Meta-valid_Accuracy: 0.48000000789761543
Meta-valid_Accuracy: 0.5050000078976155
Meta-valid_Accuracy: 0.6150000058114529
Meta-valid_Accuracy: 0.515000008046627
Meta-valid_Accuracy: 0.5950000032782554
Meta-valid_Accuracy: 0.5950000077486038
Meta-valid_Accuracy: 0.5900000125169754
Meta-valid_Accuracy: 0.6000000074505806
Meta-valid_Accuracy: 0.5500000074505806
Meta-valid_Accuracy: 0.5650000050663948
Meta-valid_Accuracy: 0.5350000075995922
Meta-valid_Accuracy: 0.5700000070035458
Meta-valid_Accuracy: 0.5650000050663948
don
CiteSeer
N=2,K=5
Epoch: 0001 loss_train: 0.4406 acc_train: 0.8000
Meta-valid_Accuracy: 0.5700000040233135
Meta-valid_Accuracy: 0.47000000849366186
Meta-valid_Accuracy: 0.5650000095367431
Meta-valid_Accuracy: 0.5700000077486038
Meta-valid_Accuracy: 0.4950000122189522
Meta-valid_Accuracy: 0.5200000077486038
Meta-valid_Accuracy: 0.5800000101327896
Meta-valid_Accuracy: 0.5400000110268592
Meta-valid_Accuracy: 0.5400000110268592
Meta-valid_Accuracy: 0.595000010728836
Meta-valid_Accuracy: 0.5250000044703483
Meta-valid_Accuracy: 0.5500000137835741
Meta-valid_Accuracy: 0.5500000022351742
Meta-valid_Accuracy: 0.6300000116229058
Meta-valid_Accuracy: 0.5250000119209289
Meta-valid_Accuracy: 0.5850000068545341
Meta-valid_Accuracy: 0.5150000020861626
Meta-valid_Accuracy: 0.5750000074505806
Meta-valid_Accuracy: 0.5200000107288361
Meta-valid_Accuracy: 0.5350000075995922
Meta-valid_Accuracy: 0.615000008046627
Meta-valid_Accuracy: 0.5750000059604645
Meta-valid_Accuracy: 0.5050000090152025
Meta-valid_Accuracy: 0.5050000056624413
don
CiteSeer
N=2,K=5
Epoch: 0001 loss_train: 0.5981 acc_train: 0.7000
Meta-valid_Accuracy: 0.575000011920929
Meta-valid_Accuracy: 0.5750000067055225
Meta-valid_Accuracy: 0.5250000052154065
Meta-valid_Accuracy: 0.5650000110268593
Meta-valid_Accuracy: 0.5500000059604645
Meta-valid_Accuracy: 0.5400000095367432
Meta-valid_Accuracy: 0.6250000104308129
Meta-valid_Accuracy: 0.5400000065565109
Meta-valid_Accuracy: 0.5950000137090683
Meta-valid_Accuracy: 0.5950000032782554
Meta-valid_Accuracy: 0.5300000086426735
Meta-valid_Accuracy: 0.5400000125169754
Meta-valid_Accuracy: 0.5450000084936619
Meta-valid_Accuracy: 0.5200000077486038
Meta-valid_Accuracy: 0.5650000080466271
Meta-valid_Accuracy: 0.5050000086426735
Meta-valid_Accuracy: 0.56000000461936
don
CiteSeer
N=2,K=5
Epoch: 0001 loss_train: 0.7275 acc_train: 0.4000
Meta-valid_Accuracy: 0.5650000095367431
Meta-valid_Accuracy: 0.5650000110268593
Meta-valid_Accuracy: 0.5500000059604645
Meta-valid_Accuracy: 0.5400000005960465
Meta-valid_Accuracy: 0.5650000095367431
Meta-valid_Accuracy: 0.5350000068545342
Meta-valid_Accuracy: 0.5400000087916851
Meta-valid_Accuracy: 0.5800000131130219
Meta-valid_Accuracy: 0.5050000108778476
Meta-valid_Accuracy: 0.5250000037252903
Meta-valid_Accuracy: 0.5350000098347664
Meta-valid_Accuracy: 0.48500000722706316
Meta-valid_Accuracy: 0.5250000052154065
Meta-valid_Accuracy: 0.5600000061094761
Meta-valid_Accuracy: 0.5500000089406967
Meta-valid_Accuracy: 0.5950000032782554
Meta-valid_Accuracy: 0.5650000035762787
Meta-valid_Accuracy: 0.5850000098347664
Meta-valid_Accuracy: 0.5350000075995922
Meta-valid_Accuracy: 0.615000008046627
Meta-valid_Accuracy: 0.5150000102818012
Meta-valid_Accuracy: 0.6500000074505806
Meta-valid_Accuracy: 0.510000005364418
Meta-valid_Accuracy: 0.5450000077486038
Meta-valid_Accuracy: 0.5800000071525574
Meta-valid_Accuracy: 0.48500000722706316
Meta-valid_Accuracy: 0.5500000081956387
Meta-valid_Accuracy: 0.5600000083446502
Meta-valid_Accuracy: 0.47000000476837156
Meta-valid_Accuracy: 0.5650000058114528
Meta-valid_Accuracy: 0.5550000071525574
Meta-valid_Accuracy: 0.5800000056624413
don
CiteSeer
N=2,K=5
Epoch: 0001 loss_train: 0.4494 acc_train: 0.6000
Meta-valid_Accuracy: 0.5050000101327896
Meta-valid_Accuracy: 0.57000000923872
Meta-valid_Accuracy: 0.5500000074505806
Meta-valid_Accuracy: 0.5700000070035458
Meta-valid_Accuracy: 0.6050000116229057
Meta-valid_Accuracy: 0.5600000113248825
Meta-valid_Accuracy: 0.6050000071525574
Meta-valid_Accuracy: 0.5700000055134297
Meta-valid_Accuracy: 0.5900000050663948
Meta-valid_Accuracy: 0.5700000062584877
Meta-valid_Accuracy: 0.590000007301569
Meta-valid_Accuracy: 0.5800000071525574
Meta-valid_Accuracy: 0.5400000043213368
Meta-valid_Accuracy: 0.5650000058114528
Meta-valid_Accuracy: 0.5550000090152025
don
CiteSeer
N=2,K=5
Epoch: 0001 loss_train: 0.4060 acc_train: 0.9000
Meta-valid_Accuracy: 0.5600000083446502
Meta-valid_Accuracy: 0.5650000113993883
Meta-valid_Accuracy: 0.5250000074505806
Meta-valid_Accuracy: 0.570000009983778
Meta-valid_Accuracy: 0.5800000116229057
Meta-valid_Accuracy: 0.5300000108778476
Meta-valid_Accuracy: 0.5000000059604645
Meta-valid_Accuracy: 0.5400000065565109
Meta-valid_Accuracy: 0.5700000047683715
Meta-valid_Accuracy: 0.5900000013411045
Meta-valid_Accuracy: 0.5350000020116568
Meta-valid_Accuracy: 0.5300000093877315
Meta-valid_Accuracy: 0.5750000044703484
Meta-valid_Accuracy: 0.5500000059604645
Meta-valid_Accuracy: 0.5600000068545341
Meta-valid_Accuracy: 0.6100000098347664
Meta-valid_Accuracy: 0.5700000055134297
Meta-valid_Accuracy: 0.5550000056624412
Meta-valid_Accuracy: 0.5600000113248825
Meta-valid_Accuracy: 0.5700000107288361
Meta-valid_Accuracy: 0.5000000074505806
Meta-valid_Accuracy: 0.5700000114738941
Meta-valid_Accuracy: 0.5700000077486038
Meta-valid_Accuracy: 0.5900000095367431
Meta-valid_Accuracy: 0.5650000058114528
Meta-valid_Accuracy: 0.5800000034272671
